Using pre-set license
Built from '2021.3/staging' branch; Version is '2021.3.24f1 (cf10dcf7010d) revision 13570268'; Using compiler version '192829333'; Build Type 'Release'
OS: 'Windows 11  (10.0.22621) 64bit Core' Language: 'en' Physical Memory: 32690 MB
BatchMode: 1, IsHumanControllingUs: 0, StartBugReporterOnCrash: 0, Is64bit: 1, IsPro: 1

COMMAND LINE ARGUMENTS:
C:\Program Files\Unity\Hub\Editor\2021.3.24f1\Editor\Unity.exe
-adb2
-batchMode
-noUpm
-name
AssetImportWorker4
-projectPath
C:/Users/Bongo/ApeGame
-logFile
Logs/AssetImportWorker4.log
-srvPort
50837
Successfully changed project path to: C:/Users/Bongo/ApeGame
C:/Users/Bongo/ApeGame
[UnityMemory] Configuration Parameters - Can be set up in boot.config
    "memorysetup-bucket-allocator-granularity=16"
    "memorysetup-bucket-allocator-bucket-count=8"
    "memorysetup-bucket-allocator-block-size=33554432"
    "memorysetup-bucket-allocator-block-count=8"
    "memorysetup-main-allocator-block-size=16777216"
    "memorysetup-thread-allocator-block-size=16777216"
    "memorysetup-gfx-main-allocator-block-size=16777216"
    "memorysetup-gfx-thread-allocator-block-size=16777216"
    "memorysetup-cache-allocator-block-size=4194304"
    "memorysetup-typetree-allocator-block-size=2097152"
    "memorysetup-profiler-bucket-allocator-granularity=16"
    "memorysetup-profiler-bucket-allocator-bucket-count=8"
    "memorysetup-profiler-bucket-allocator-block-size=33554432"
    "memorysetup-profiler-bucket-allocator-block-count=8"
    "memorysetup-profiler-allocator-block-size=16777216"
    "memorysetup-profiler-editor-allocator-block-size=1048576"
    "memorysetup-temp-allocator-size-main=16777216"
    "memorysetup-job-temp-allocator-block-size=2097152"
    "memorysetup-job-temp-allocator-block-size-background=1048576"
    "memorysetup-job-temp-allocator-reduction-small-platforms=262144"
    "memorysetup-temp-allocator-size-background-worker=32768"
    "memorysetup-temp-allocator-size-job-worker=262144"
    "memorysetup-temp-allocator-size-preload-manager=33554432"
    "memorysetup-temp-allocator-size-nav-mesh-worker=65536"
    "memorysetup-temp-allocator-size-audio-worker=65536"
    "memorysetup-temp-allocator-size-cloud-worker=32768"
    "memorysetup-temp-allocator-size-gi-baking-worker=262144"
    "memorysetup-temp-allocator-size-gfx=262144"
Player connection [25672] Host "[IP] 192.168.0.189 [Port] 0 [Flags] 2 [Guid] 1710242018 [EditorId] 1710242018 [Version] 1048832 [Id] WindowsEditor(7,Brandon) [Debug] 1 [PackageName] WindowsEditor [ProjectName] Editor" joined multi-casting on [225.0.0.222:54997]...

Player connection [25672] Host "[IP] 192.168.0.189 [Port] 0 [Flags] 2 [Guid] 1710242018 [EditorId] 1710242018 [Version] 1048832 [Id] WindowsEditor(7,Brandon) [Debug] 1 [PackageName] WindowsEditor [ProjectName] Editor" joined alternative multi-casting on [225.0.0.222:34997]...

Refreshing native plugins compatible for Editor in 70.57 ms, found 3 plugins.
Preloading 0 native plugins for Editor in 0.00 ms.
Initialize engine version: 2021.3.24f1 (cf10dcf7010d)
[Subsystems] Discovering subsystems at path C:/Program Files/Unity/Hub/Editor/2021.3.24f1/Editor/Data/Resources/UnitySubsystems
[Subsystems] Discovering subsystems at path C:/Users/Bongo/ApeGame/Assets
GfxDevice: creating device client; threaded=0; jobified=0
Direct3D:
    Version:  Direct3D 11.0 [level 11.1]
    Renderer: NVIDIA GeForce RTX 4070 Ti (ID=0x2782)
    Vendor:   NVIDIA
    VRAM:     12010 MB
    Driver:   31.0.15.2849
Initialize mono
Mono path[0] = 'C:/Program Files/Unity/Hub/Editor/2021.3.24f1/Editor/Data/Managed'
Mono path[1] = 'C:/Program Files/Unity/Hub/Editor/2021.3.24f1/Editor/Data/MonoBleedingEdge/lib/mono/unityjit-win32'
Mono config path = 'C:/Program Files/Unity/Hub/Editor/2021.3.24f1/Editor/Data/MonoBleedingEdge/etc'
Using monoOptions --debugger-agent=transport=dt_socket,embedding=1,server=y,suspend=n,address=127.0.0.1:56172
Begin MonoManager ReloadAssembly
Registering precompiled unity dll's ...
Register platform support module: C:/Program Files/Unity/Hub/Editor/2021.3.24f1/Editor/Data/PlaybackEngines/WebGLSupport/UnityEditor.WebGL.Extensions.dll
Register platform support module: C:/Program Files/Unity/Hub/Editor/2021.3.24f1/Editor/Data/PlaybackEngines/WindowsStandaloneSupport/UnityEditor.WindowsStandalone.Extensions.dll
Registered in 0.008459 seconds.
Native extension for WindowsStandalone target not found
Native extension for WebGL target not found
Refreshing native plugins compatible for Editor in 81.80 ms, found 3 plugins.
Preloading 0 native plugins for Editor in 0.00 ms.
Mono: successfully reloaded assembly
- Completed reload, in  0.685 seconds
Domain Reload Profiling:
	ReloadAssembly (686ms)
		BeginReloadAssembly (105ms)
			ExecutionOrderSort (0ms)
			DisableScriptedObjects (0ms)
			BackupInstance (0ms)
			ReleaseScriptingObjects (0ms)
			CreateAndSetChildDomain (1ms)
		EndReloadAssembly (475ms)
			LoadAssemblies (102ms)
			RebuildTransferFunctionScriptingTraits (0ms)
			SetupTypeCache (114ms)
			ReleaseScriptCaches (0ms)
			RebuildScriptCaches (30ms)
			SetupLoadedEditorAssemblies (280ms)
				LogAssemblyErrors (0ms)
				InitializePlatformSupportModulesInManaged (9ms)
				SetLoadedEditorAssemblies (0ms)
				RefreshPlugins (82ms)
				BeforeProcessingInitializeOnLoad (1ms)
				ProcessInitializeOnLoadAttributes (146ms)
				ProcessInitializeOnLoadMethodAttributes (41ms)
				AfterProcessingInitializeOnLoad (0ms)
				EditorAssembliesLoaded (0ms)
			ExecutionOrderSort2 (0ms)
			AwakeInstancesAfterBackupRestoration (0ms)
Platform modules already initialized, skipping
Registering precompiled user dll's ...
Registered in 0.005722 seconds.
Begin MonoManager ReloadAssembly
Symbol file LoadedFromMemory doesn't match image C:\Users\Bongo\ApeGame\Library\PackageCache\com.unity.visualscripting@1.8.0\Editor\VisualScripting.Core\Dependencies\YamlDotNet\Unity.VisualScripting.YamlDotNet.dll
Symbol file LoadedFromMemory doesn't match image C:\Users\Bongo\ApeGame\Library\PackageCache\com.unity.visualscripting@1.8.0\Editor\VisualScripting.Core\Dependencies\DotNetZip\Unity.VisualScripting.IonicZip.dll
Native extension for WindowsStandalone target not found
Native extension for WebGL target not found
Refreshing native plugins compatible for Editor in 0.51 ms, found 3 plugins.
Preloading 0 native plugins for Editor in 0.00 ms.
Mono: successfully reloaded assembly
- Completed reload, in  0.896 seconds
Domain Reload Profiling:
	ReloadAssembly (896ms)
		BeginReloadAssembly (119ms)
			ExecutionOrderSort (0ms)
			DisableScriptedObjects (5ms)
			BackupInstance (0ms)
			ReleaseScriptingObjects (0ms)
			CreateAndSetChildDomain (20ms)
		EndReloadAssembly (674ms)
			LoadAssemblies (98ms)
			RebuildTransferFunctionScriptingTraits (0ms)
			SetupTypeCache (227ms)
			ReleaseScriptCaches (1ms)
			RebuildScriptCaches (43ms)
			SetupLoadedEditorAssemblies (291ms)
				LogAssemblyErrors (0ms)
				InitializePlatformSupportModulesInManaged (6ms)
				SetLoadedEditorAssemblies (0ms)
				RefreshPlugins (1ms)
				BeforeProcessingInitializeOnLoad (78ms)
				ProcessInitializeOnLoadAttributes (181ms)
				ProcessInitializeOnLoadMethodAttributes (15ms)
				AfterProcessingInitializeOnLoad (9ms)
				EditorAssembliesLoaded (0ms)
			ExecutionOrderSort2 (0ms)
			AwakeInstancesAfterBackupRestoration (9ms)
Platform modules already initialized, skipping
========================================================================
Worker process is ready to serve import requests
Launched and connected shader compiler UnityShaderCompiler.exe after 0.09 seconds
Refreshing native plugins compatible for Editor in 1.38 ms, found 3 plugins.
Preloading 0 native plugins for Editor in 0.00 ms.
Unloading 3047 Unused Serialized files (Serialized files now loaded: 0)
Unloading 24 unused Assets / (113.4 KB). Loaded Objects now: 3507.
Memory consumption went from 107.6 MB to 107.5 MB.
Total: 4.360500 ms (FindLiveObjects: 0.610200 ms CreateObjectMapping: 0.128300 ms MarkObjects: 3.497400 ms  DeleteObjects: 0.123100 ms)

AssetImportParameters requested are different than current active one (requested -> active):
  custom:video-decoder-ogg-theora: a1e56fd34408186e4bbccfd4996cb3dc -> 
  custom:container-muxer-webm: aa71ff27fc2769a1b78a27578f13a17b -> 
  custom:container-demuxer-webm: 4f35f7cbe854078d1ac9338744f61a02 -> 
  custom:video-encoder-webm-vp8: eb34c28f22e8b96e1ab97ce403110664 -> 
  custom:video-codec-MediaFoundation-h265: 746d11721c4dcdbdad8f713fa42b33f4 -> 
  custom:audio-encoder-webm-vorbis: bf7c407c2cedff20999df2af8eb42d56 -> 
  custom:framework-win-MediaFoundation: 216162199b28c13a410421893ffa2e32 -> 
  custom:container-demuxer-ogg: 62fdf1f143b41e24485cea50d1cbac27 -> 
  custom:video-decoder-webm-vp8: 9c59270c3fd7afecdb556c50c9e8de78 -> 
  custom:audio-decoder-ogg-vorbis: bf7c407c2cedff20999df2af8eb42d56 -> 
========================================================================
Received Import Request.
  Time since last request: 18964.337741 seconds.
  path: Packages/com.unity.testtools.codecoverage/Editor/Icons/FolderOpened@2x.png
  artifactKey: Guid(dd4bd79e2c603964e8cbf04d0851a210) Importer(815301076,1909f56bfc062723c751e8b465ee728b)
Start importing Packages/com.unity.testtools.codecoverage/Editor/Icons/FolderOpened@2x.png using Guid(dd4bd79e2c603964e8cbf04d0851a210) Importer(815301076,1909f56bfc062723c751e8b465ee728b)  -> (artifact id: '698aef18065e4fca6cf8617c37c2f911') in 0.143413 seconds 
========================================================================
Received Import Request.
  Time since last request: 0.000025 seconds.
  path: Packages/com.unity.timeline/Editor/StyleSheets/Images/Icons/d_TrackLockButtonDisabled@2x.png
  artifactKey: Guid(6f0b77e050cdb12478ed9514b3a0e40e) Importer(815301076,1909f56bfc062723c751e8b465ee728b)
Start importing Packages/com.unity.timeline/Editor/StyleSheets/Images/Icons/d_TrackLockButtonDisabled@2x.png using Guid(6f0b77e050cdb12478ed9514b3a0e40e) Importer(815301076,1909f56bfc062723c751e8b465ee728b)  -> (artifact id: 'd8cdbb7f26680e5059853ff0317947bd') in 0.015400 seconds 
========================================================================
Received Import Request.
  Time since last request: 0.000032 seconds.
  path: Packages/com.unity.collab-proxy/Editor/PlasticSCM/Assets/Images/icondeleted.png
  artifactKey: Guid(77a39e873655d3c4b93d0b7696397b83) Importer(815301076,1909f56bfc062723c751e8b465ee728b)
Start importing Packages/com.unity.collab-proxy/Editor/PlasticSCM/Assets/Images/icondeleted.png using Guid(77a39e873655d3c4b93d0b7696397b83) Importer(815301076,1909f56bfc062723c751e8b465ee728b)  -> (artifact id: '2cc6342e3d38c72a563e381ccbc56b2c') in 0.014558 seconds 
========================================================================
Received Import Request.
  Time since last request: 2.903073 seconds.
  path: Packages/com.unity.collab-proxy/Editor/PlasticSCM/Assets/Images/d_stepok@2x.png
  artifactKey: Guid(3494dc956dfd7174abc07060940a2848) Importer(815301076,1909f56bfc062723c751e8b465ee728b)
Start importing Packages/com.unity.collab-proxy/Editor/PlasticSCM/Assets/Images/d_stepok@2x.png using Guid(3494dc956dfd7174abc07060940a2848) Importer(815301076,1909f56bfc062723c751e8b465ee728b)  -> (artifact id: '42779c2cf9c447091e0cbe6ddde08988') in 0.012502 seconds 
========================================================================
Received Import Request.
  Time since last request: 0.000017 seconds.
  path: Packages/com.unity.timeline/Editor/StyleSheets/Images/Icons/d_TimelineHeaderMarkerIcon.png
  artifactKey: Guid(4f8d98ef7dbbe3d469e14c04722cbeed) Importer(815301076,1909f56bfc062723c751e8b465ee728b)
Start importing Packages/com.unity.timeline/Editor/StyleSheets/Images/Icons/d_TimelineHeaderMarkerIcon.png using Guid(4f8d98ef7dbbe3d469e14c04722cbeed) Importer(815301076,1909f56bfc062723c751e8b465ee728b)  -> (artifact id: '6fe344303d298a015b0f46d8648fac38') in 0.036778 seconds 
========================================================================
Received Import Request.
  Time since last request: 0.000015 seconds.
  path: Packages/com.unity.timeline/Editor/StyleSheets/Images/Icons/d_TrackAvatarButtonDisabled.png
  artifactKey: Guid(91746a504b59769439bb2749c314d231) Importer(815301076,1909f56bfc062723c751e8b465ee728b)
Start importing Packages/com.unity.timeline/Editor/StyleSheets/Images/Icons/d_TrackAvatarButtonDisabled.png using Guid(91746a504b59769439bb2749c314d231) Importer(815301076,1909f56bfc062723c751e8b465ee728b)  -> (artifact id: 'b9d779d449efd7b782b23a6c013f1e3b') in 0.032738 seconds 
========================================================================
Received Import Request.
  Time since last request: 0.000016 seconds.
  path: Packages/com.unity.collab-proxy/Editor/PlasticSCM/Assets/Images/d_step3@2x.png
  artifactKey: Guid(c9ed6d6ea2f9657409bfa068d4846139) Importer(815301076,1909f56bfc062723c751e8b465ee728b)
Start importing Packages/com.unity.collab-proxy/Editor/PlasticSCM/Assets/Images/d_step3@2x.png using Guid(c9ed6d6ea2f9657409bfa068d4846139) Importer(815301076,1909f56bfc062723c751e8b465ee728b)  -> (artifact id: '92f44b6315361206921247f5291eb0aa') in 0.030515 seconds 
========================================================================
Received Import Request.
  Time since last request: 0.000015 seconds.
  path: Packages/com.unity.collab-proxy/Editor/PlasticSCM/Assets/Images/d_step1.png
  artifactKey: Guid(38236a82ff44aaa4b972248479d5f970) Importer(815301076,1909f56bfc062723c751e8b465ee728b)
Start importing Packages/com.unity.collab-proxy/Editor/PlasticSCM/Assets/Images/d_step1.png using Guid(38236a82ff44aaa4b972248479d5f970) Importer(815301076,1909f56bfc062723c751e8b465ee728b)  -> (artifact id: '3db28f64fe2b6034b79e0be6c364971f') in 0.052602 seconds 
========================================================================
Received Import Request.
  Time since last request: 0.000024 seconds.
  path: Packages/com.unity.collab-proxy/Editor/PlasticSCM/Assets/Images/d_iconaddedoverlay.png
  artifactKey: Guid(73d124bf77e463c45942d14136745d9f) Importer(815301076,1909f56bfc062723c751e8b465ee728b)
Start importing Packages/com.unity.collab-proxy/Editor/PlasticSCM/Assets/Images/d_iconaddedoverlay.png using Guid(73d124bf77e463c45942d14136745d9f) Importer(815301076,1909f56bfc062723c751e8b465ee728b)  -> (artifact id: '651dac35600ff656413b40295a7c8690') in 0.012559 seconds 
========================================================================
Received Import Request.
  Time since last request: 0.000039 seconds.
  path: Packages/com.unity.collab-proxy/Editor/PlasticSCM/Assets/Images/d_iconoutofsyncoverlay.png
  artifactKey: Guid(dc633de6e6e7415448c7568418239a9d) Importer(815301076,1909f56bfc062723c751e8b465ee728b)
Start importing Packages/com.unity.collab-proxy/Editor/PlasticSCM/Assets/Images/d_iconoutofsyncoverlay.png using Guid(dc633de6e6e7415448c7568418239a9d) Importer(815301076,1909f56bfc062723c751e8b465ee728b)  -> (artifact id: '9684cb1445ee3063290dad2f5d572924') in 0.011624 seconds 
========================================================================
Received Import Request.
  Time since last request: 0.000017 seconds.
  path: Packages/com.unity.collab-proxy/Editor/PlasticSCM/Assets/Images/d_icondeletedlocaloverlay@2x.png
  artifactKey: Guid(92b204cca46037444ab18ba6701f86f7) Importer(815301076,1909f56bfc062723c751e8b465ee728b)
Start importing Packages/com.unity.collab-proxy/Editor/PlasticSCM/Assets/Images/d_icondeletedlocaloverlay@2x.png using Guid(92b204cca46037444ab18ba6701f86f7) Importer(815301076,1909f56bfc062723c751e8b465ee728b)  -> (artifact id: 'bd80d291042cac10579530ef6f81d36a') in 0.013458 seconds 
========================================================================
Received Import Request.
  Time since last request: 0.000018 seconds.
  path: Packages/com.unity.collab-proxy/Editor/PlasticSCM/Assets/Images/d_iconconflictresolvedoverlay.png
  artifactKey: Guid(056ee72c467a4e24d87541d42839ca72) Importer(815301076,1909f56bfc062723c751e8b465ee728b)
Start importing Packages/com.unity.collab-proxy/Editor/PlasticSCM/Assets/Images/d_iconconflictresolvedoverlay.png using Guid(056ee72c467a4e24d87541d42839ca72) Importer(815301076,1909f56bfc062723c751e8b465ee728b)  -> (artifact id: '62b4ed921873037ce32e677a9b26ad3d') in 0.014142 seconds 
========================================================================
Received Import Request.
  Time since last request: 0.000018 seconds.
  path: Packages/com.unity.collab-proxy/Editor/PlasticSCM/Assets/Images/d_step2@2x.png
  artifactKey: Guid(cdb88fdb0cf46b244a667edaff21c7df) Importer(815301076,1909f56bfc062723c751e8b465ee728b)
Start importing Packages/com.unity.collab-proxy/Editor/PlasticSCM/Assets/Images/d_step2@2x.png using Guid(cdb88fdb0cf46b244a667edaff21c7df) Importer(815301076,1909f56bfc062723c751e8b465ee728b)  -> (artifact id: '7875be8609d1b2e266876dbf4d135e60') in 0.012857 seconds 
========================================================================
Received Import Request.
  Time since last request: 1.642508 seconds.
  path: Packages/com.unity.textmeshpro/Editor Resources/Textures/btn_AlignMidLine.psd
  artifactKey: Guid(c2f7f6a88b4c4f20a53deb72f3d9144c) Importer(815301076,1909f56bfc062723c751e8b465ee728b)
Start importing Packages/com.unity.textmeshpro/Editor Resources/Textures/btn_AlignMidLine.psd using Guid(c2f7f6a88b4c4f20a53deb72f3d9144c) Importer(815301076,1909f56bfc062723c751e8b465ee728b)  -> (artifact id: 'faa7ceb052880a25bcd90a005bdffe8c') in 0.028729 seconds 
========================================================================
Received Import Request.
  Time since last request: 0.000020 seconds.
  path: Packages/com.unity.collab-proxy/Editor/PlasticSCM/Assets/Images/d_buttonssosigninemail@2x.png
  artifactKey: Guid(144aa74618b85974a9a50f612c2fa8fd) Importer(815301076,1909f56bfc062723c751e8b465ee728b)
Start importing Packages/com.unity.collab-proxy/Editor/PlasticSCM/Assets/Images/d_buttonssosigninemail@2x.png using Guid(144aa74618b85974a9a50f612c2fa8fd) Importer(815301076,1909f56bfc062723c751e8b465ee728b)  -> (artifact id: '5adbd3b406b641b0a53d00150fe7d30b') in 0.013795 seconds 
========================================================================
Received Import Request.
  Time since last request: 0.005014 seconds.
  path: Packages/com.unity.textmeshpro/Editor Resources/Textures/btn_AlignBaseLine.psd
  artifactKey: Guid(8bc445bb79654bf496c92d0407840a92) Importer(815301076,1909f56bfc062723c751e8b465ee728b)
Start importing Packages/com.unity.textmeshpro/Editor Resources/Textures/btn_AlignBaseLine.psd using Guid(8bc445bb79654bf496c92d0407840a92) Importer(815301076,1909f56bfc062723c751e8b465ee728b)  -> (artifact id: '9ded2a31ebd20ef3b2ea2f579614b108') in 0.016896 seconds 
========================================================================
Received Import Request.
  Time since last request: 0.000021 seconds.
  path: Packages/com.unity.textmeshpro/Editor Resources/Textures/btn_AlignLeft.psd
  artifactKey: Guid(9288066c33474b94b6ee5465f4df1cc0) Importer(815301076,1909f56bfc062723c751e8b465ee728b)
Start importing Packages/com.unity.textmeshpro/Editor Resources/Textures/btn_AlignLeft.psd using Guid(9288066c33474b94b6ee5465f4df1cc0) Importer(815301076,1909f56bfc062723c751e8b465ee728b)  -> (artifact id: 'c70760fa7f9574ed5899689942947ad4') in 0.018751 seconds 
========================================================================
Received Import Request.
  Time since last request: 0.000024 seconds.
  path: Packages/com.unity.textmeshpro/Editor Resources/Textures/btn_AlignCenterGeo_Light.psd
  artifactKey: Guid(35ff0937876540d3bd4b6a941df62a92) Importer(815301076,1909f56bfc062723c751e8b465ee728b)
Start importing Packages/com.unity.textmeshpro/Editor Resources/Textures/btn_AlignCenterGeo_Light.psd using Guid(35ff0937876540d3bd4b6a941df62a92) Importer(815301076,1909f56bfc062723c751e8b465ee728b)  -> (artifact id: 'e1c06fc9a7bc8ffdb5911308475eaea9') in 0.014877 seconds 
========================================================================
Received Import Request.
  Time since last request: 85.945569 seconds.
  path: Assets/36978d5a518a9d54fcbcacc1ed25ce8b.png
  artifactKey: Guid(e6bd43eb8909c3d4b9929154ec696800) Importer(815301076,1909f56bfc062723c751e8b465ee728b)
Start importing Assets/36978d5a518a9d54fcbcacc1ed25ce8b.png using Guid(e6bd43eb8909c3d4b9929154ec696800) Importer(815301076,1909f56bfc062723c751e8b465ee728b)  -> (artifact id: '894989f751f87a7890d1092a9faad98d') in 0.012910 seconds 
========================================================================
Received Import Request.
  Time since last request: 1414.762688 seconds.
  path: Assets/realistic_deep_in_the_rain_rainforest.jpg
  artifactKey: Guid(b4ae94ae3af9ec746acd6f4feda8f43a) Importer(815301076,1909f56bfc062723c751e8b465ee728b)
Start importing Assets/realistic_deep_in_the_rain_rainforest.jpg using Guid(b4ae94ae3af9ec746acd6f4feda8f43a) Importer(815301076,1909f56bfc062723c751e8b465ee728b)  -> (artifact id: '4a5af32c074993d92fcb6ffb6b234fa0') in 0.014551 seconds 
========================================================================
Received Import Request.
  Time since last request: 326.094532 seconds.
  path: Assets/Train Track.fbx
  artifactKey: Guid(98682954eba055e41b8ce5a064e4d729) Importer(815301076,1909f56bfc062723c751e8b465ee728b)
Start importing Assets/Train Track.fbx using Guid(98682954eba055e41b8ce5a064e4d729) Importer(815301076,1909f56bfc062723c751e8b465ee728b)  -> (artifact id: '29e2f1c3ba43ed682b585d22c6bea923') in 0.193635 seconds 
========================================================================
Received Import Request.
  Time since last request: 18.437158 seconds.
  path: Assets/Tracks.fbx
  artifactKey: Guid(16f61c4230011d74eac2f90c1b76b925) Importer(815301076,1909f56bfc062723c751e8b465ee728b)
Start importing Assets/Tracks.fbx using Guid(16f61c4230011d74eac2f90c1b76b925) Importer(815301076,1909f56bfc062723c751e8b465ee728b)  -> (artifact id: '5c1d6ce72c6e704612426ddb925d0db7') in 0.055551 seconds 
========================================================================
Received Import Request.
  Time since last request: 77.160830 seconds.
  path: Assets/New Material 2.mat
  artifactKey: Guid(1fe303f3fb224f84ca9624016c6b018d) Importer(815301076,1909f56bfc062723c751e8b465ee728b)
Start importing Assets/New Material 2.mat using Guid(1fe303f3fb224f84ca9624016c6b018d) Importer(815301076,1909f56bfc062723c751e8b465ee728b)  -> (artifact id: 'cf4eac9428489bc53a85a3e4d4276282') in 0.025629 seconds 
========================================================================
Received Import Request.
  Time since last request: 148.672409 seconds.
  path: Assets/skybox1.mat
  artifactKey: Guid(5f47f8ab57e108a419287ff6547f19dd) Importer(815301076,1909f56bfc062723c751e8b465ee728b)
Start importing Assets/skybox1.mat using Guid(5f47f8ab57e108a419287ff6547f19dd) Importer(815301076,1909f56bfc062723c751e8b465ee728b)  -> (artifact id: '71a2aa14460005fc6d86f2c235d2d1e0') in 0.022745 seconds 
========================================================================
Received Import Request.
  Time since last request: 102.552961 seconds.
  path: Assets/realistic_deep_in_the_rain_rainforest.jpg
  artifactKey: Guid(b4ae94ae3af9ec746acd6f4feda8f43a) Importer(815301076,1909f56bfc062723c751e8b465ee728b)
Start importing Assets/realistic_deep_in_the_rain_rainforest.jpg using Guid(b4ae94ae3af9ec746acd6f4feda8f43a) Importer(815301076,1909f56bfc062723c751e8b465ee728b)  -> (artifact id: '5de12b50365cbbc9e6522530e3639878') in 0.155783 seconds 
========================================================================
Received Import Request.
  Time since last request: 23.416984 seconds.
  path: Assets/realistic_deep_in_the_rain_rainforest.jpg
  artifactKey: Guid(b4ae94ae3af9ec746acd6f4feda8f43a) Importer(815301076,1909f56bfc062723c751e8b465ee728b)
Start importing Assets/realistic_deep_in_the_rain_rainforest.jpg using Guid(b4ae94ae3af9ec746acd6f4feda8f43a) Importer(815301076,1909f56bfc062723c751e8b465ee728b)  -> (artifact id: '5fa8378d30ad3b905bd6ee2476df5291') in 0.018417 seconds 
========================================================================
Received Import Request.
  Time since last request: 3.780587 seconds.
  path: Assets/realistic_deep_in_the_rain_rainforest.jpg
  artifactKey: Guid(b4ae94ae3af9ec746acd6f4feda8f43a) Importer(815301076,1909f56bfc062723c751e8b465ee728b)
Start importing Assets/realistic_deep_in_the_rain_rainforest.jpg using Guid(b4ae94ae3af9ec746acd6f4feda8f43a) Importer(815301076,1909f56bfc062723c751e8b465ee728b)  -> (artifact id: '388864a00d0765f84e1cbfd310ddb12f') in 0.011362 seconds 
========================================================================
Received Import Request.
  Time since last request: 7.391765 seconds.
  path: Assets/realistic_deep_in_the_rain_rainforest.jpg
  artifactKey: Guid(b4ae94ae3af9ec746acd6f4feda8f43a) Importer(815301076,1909f56bfc062723c751e8b465ee728b)
Start importing Assets/realistic_deep_in_the_rain_rainforest.jpg using Guid(b4ae94ae3af9ec746acd6f4feda8f43a) Importer(815301076,1909f56bfc062723c751e8b465ee728b)  -> (artifact id: 'c7a3f93e84eafcb08328bb03fbd3c038') in 0.014513 seconds 
========================================================================
Received Import Request.
  Time since last request: 4.238547 seconds.
  path: Assets/realistic_deep_in_the_rain_rainforest.jpg
  artifactKey: Guid(b4ae94ae3af9ec746acd6f4feda8f43a) Importer(815301076,1909f56bfc062723c751e8b465ee728b)
Start importing Assets/realistic_deep_in_the_rain_rainforest.jpg using Guid(b4ae94ae3af9ec746acd6f4feda8f43a) Importer(815301076,1909f56bfc062723c751e8b465ee728b)  -> (artifact id: 'cad8b3314ec390ae4509f1bdef69c9e5') in 0.011776 seconds 
========================================================================
Received Import Request.
  Time since last request: 3.405250 seconds.
  path: Assets/realistic_deep_in_the_rain_rainforest.jpg
  artifactKey: Guid(b4ae94ae3af9ec746acd6f4feda8f43a) Importer(815301076,1909f56bfc062723c751e8b465ee728b)
Start importing Assets/realistic_deep_in_the_rain_rainforest.jpg using Guid(b4ae94ae3af9ec746acd6f4feda8f43a) Importer(815301076,1909f56bfc062723c751e8b465ee728b)  -> (artifact id: '1a38a9bf652d9a9e0596d9ed53543d87') in 0.012508 seconds 
========================================================================
Received Import Request.
  Time since last request: 2.428717 seconds.
  path: Assets/realistic_deep_in_the_rain_rainforest.jpg
  artifactKey: Guid(b4ae94ae3af9ec746acd6f4feda8f43a) Importer(815301076,1909f56bfc062723c751e8b465ee728b)
Start importing Assets/realistic_deep_in_the_rain_rainforest.jpg using Guid(b4ae94ae3af9ec746acd6f4feda8f43a) Importer(815301076,1909f56bfc062723c751e8b465ee728b)  -> (artifact id: '3ac6dcfcb7dbd2344cea1cb710f79581') in 0.013801 seconds 
========================================================================
Received Import Request.
  Time since last request: 3.506176 seconds.
  path: Assets/realistic_deep_in_the_rain_rainforest.jpg
  artifactKey: Guid(b4ae94ae3af9ec746acd6f4feda8f43a) Importer(815301076,1909f56bfc062723c751e8b465ee728b)
Start importing Assets/realistic_deep_in_the_rain_rainforest.jpg using Guid(b4ae94ae3af9ec746acd6f4feda8f43a) Importer(815301076,1909f56bfc062723c751e8b465ee728b)  -> (artifact id: '839dcdf461c29d2e91e30f371225231a') in 0.011400 seconds 
========================================================================
Received Import Request.
  Time since last request: 5.213222 seconds.
  path: Assets/realistic_deep_in_the_rain_rainforest.jpg
  artifactKey: Guid(b4ae94ae3af9ec746acd6f4feda8f43a) Importer(815301076,1909f56bfc062723c751e8b465ee728b)
Start importing Assets/realistic_deep_in_the_rain_rainforest.jpg using Guid(b4ae94ae3af9ec746acd6f4feda8f43a) Importer(815301076,1909f56bfc062723c751e8b465ee728b)  -> (artifact id: '97fe47144c8fcf8fb9161f48b8333c07') in 0.012020 seconds 
========================================================================
Received Import Request.
  Time since last request: 92.573245 seconds.
  path: Assets/New Material 3.mat
  artifactKey: Guid(8b084d73969ac684fa3113af695b2b64) Importer(815301076,1909f56bfc062723c751e8b465ee728b)
Start importing Assets/New Material 3.mat using Guid(8b084d73969ac684fa3113af695b2b64) Importer(815301076,1909f56bfc062723c751e8b465ee728b)  -> (artifact id: 'f7d66c1a4fe6c1d1f980b8ec7794b17e') in 0.012534 seconds 
========================================================================
Received Prepare
Registering precompiled user dll's ...
Registered in 0.004726 seconds.
Begin MonoManager ReloadAssembly
Symbol file LoadedFromMemory doesn't match image C:\Users\Bongo\ApeGame\Library\PackageCache\com.unity.visualscripting@1.8.0\Editor\VisualScripting.Core\Dependencies\YamlDotNet\Unity.VisualScripting.YamlDotNet.dll
Symbol file LoadedFromMemory doesn't match image C:\Users\Bongo\ApeGame\Library\PackageCache\com.unity.visualscripting@1.8.0\Editor\VisualScripting.Core\Dependencies\DotNetZip\Unity.VisualScripting.IonicZip.dll
Native extension for WindowsStandalone target not found
Native extension for WebGL target not found
Refreshing native plugins compatible for Editor in 0.76 ms, found 3 plugins.
Preloading 0 native plugins for Editor in 0.00 ms.
Mono: successfully reloaded assembly
- Completed reload, in  0.815 seconds
Domain Reload Profiling:
	ReloadAssembly (816ms)
		BeginReloadAssembly (121ms)
			ExecutionOrderSort (0ms)
			DisableScriptedObjects (4ms)
			BackupInstance (0ms)
			ReleaseScriptingObjects (0ms)
			CreateAndSetChildDomain (31ms)
		EndReloadAssembly (611ms)
			LoadAssemblies (75ms)
			RebuildTransferFunctionScriptingTraits (0ms)
			SetupTypeCache (226ms)
			ReleaseScriptCaches (1ms)
			RebuildScriptCaches (36ms)
			SetupLoadedEditorAssemblies (246ms)
				LogAssemblyErrors (0ms)
				InitializePlatformSupportModulesInManaged (6ms)
				SetLoadedEditorAssemblies (0ms)
				RefreshPlugins (1ms)
				BeforeProcessingInitializeOnLoad (53ms)
				ProcessInitializeOnLoadAttributes (164ms)
				ProcessInitializeOnLoadMethodAttributes (15ms)
				AfterProcessingInitializeOnLoad (6ms)
				EditorAssembliesLoaded (0ms)
			ExecutionOrderSort2 (0ms)
			AwakeInstancesAfterBackupRestoration (6ms)
Platform modules already initialized, skipping
Refreshing native plugins compatible for Editor in 2.44 ms, found 3 plugins.
Preloading 0 native plugins for Editor in 0.00 ms.
Unloading 3042 Unused Serialized files (Serialized files now loaded: 0)
Unloading 17 unused Assets / (79.8 KB). Loaded Objects now: 3564.
Memory consumption went from 112.4 MB to 112.3 MB.
Total: 2.909600 ms (FindLiveObjects: 0.287300 ms CreateObjectMapping: 0.066400 ms MarkObjects: 2.478600 ms  DeleteObjects: 0.076100 ms)

AssetImportParameters requested are different than current active one (requested -> active):
  custom:video-decoder-ogg-theora: a1e56fd34408186e4bbccfd4996cb3dc -> 
  custom:container-muxer-webm: aa71ff27fc2769a1b78a27578f13a17b -> 
  custom:container-demuxer-webm: 4f35f7cbe854078d1ac9338744f61a02 -> 
  custom:video-encoder-webm-vp8: eb34c28f22e8b96e1ab97ce403110664 -> 
  custom:video-codec-MediaFoundation-h265: 746d11721c4dcdbdad8f713fa42b33f4 -> 
  custom:audio-encoder-webm-vorbis: bf7c407c2cedff20999df2af8eb42d56 -> 
  custom:framework-win-MediaFoundation: 216162199b28c13a410421893ffa2e32 -> 
  custom:container-demuxer-ogg: 62fdf1f143b41e24485cea50d1cbac27 -> 
  custom:video-decoder-webm-vp8: 9c59270c3fd7afecdb556c50c9e8de78 -> 
  custom:audio-decoder-ogg-vorbis: bf7c407c2cedff20999df2af8eb42d56 -> 
========================================================================
Received Import Request.
  Time since last request: 286.910228 seconds.
  path: Assets/New Material 2.mat
  artifactKey: Guid(1fe303f3fb224f84ca9624016c6b018d) Importer(815301076,1909f56bfc062723c751e8b465ee728b)
Start importing Assets/New Material 2.mat using Guid(1fe303f3fb224f84ca9624016c6b018d) Importer(815301076,1909f56bfc062723c751e8b465ee728b)  -> (artifact id: '652358255755307c12c8afb381bf6d45') in 0.070012 seconds 
========================================================================
Received Import Request.
  Time since last request: 0.000023 seconds.
  path: Assets/skybox1.mat
  artifactKey: Guid(5f47f8ab57e108a419287ff6547f19dd) Importer(815301076,1909f56bfc062723c751e8b465ee728b)
Start importing Assets/skybox1.mat using Guid(5f47f8ab57e108a419287ff6547f19dd) Importer(815301076,1909f56bfc062723c751e8b465ee728b)  -> (artifact id: '7bcebd8ffb7242c40fe2cf7692cee07f') in 0.108728 seconds 
